\BOOKMARK [0][]{chapter.1}{Introduction}{}% 1
\BOOKMARK [1][]{section.1.1}{Introduction To Project}{chapter.1}% 2
\BOOKMARK [1][]{section.1.2}{Technologies Used}{chapter.1}% 3
\BOOKMARK [2][]{subsection.1.2.1}{C++}{section.1.2}% 4
\BOOKMARK [2][]{subsection.1.2.2}{Introduction To Qt}{section.1.2}% 5
\BOOKMARK [2][]{subsection.1.2.3}{libdxfrw}{section.1.2}% 6
\BOOKMARK [2][]{subsection.1.2.4}{Introduction to GitHub}{section.1.2}% 7
\BOOKMARK [2][]{subsection.1.2.5}{What is Git?}{section.1.2}% 8
\BOOKMARK [2][]{subsection.1.2.6}{Installation of Git}{section.1.2}% 9
\BOOKMARK [2][]{subsection.1.2.7}{Various Git Commands}{section.1.2}% 10
\BOOKMARK [2][]{section*.4}{Create Repositories}{section.1.2}% 11
\BOOKMARK [2][]{section*.5}{Make Changes}{section.1.2}% 12
\BOOKMARK [1][]{section.1.3}{Introduction to LaTeX}{chapter.1}% 13
\BOOKMARK [2][]{subsection.1.3.1}{Typesetting}{section.1.3}% 14
\BOOKMARK [2][]{subsection.1.3.2}{Installing LaTeX on System}{section.1.3}% 15
\BOOKMARK [2][]{subsection.1.3.3}{Making Graphics in LaTeX}{section.1.3}% 16
\BOOKMARK [2][]{subsection.1.3.4}{Pdfscreen LaTeX}{section.1.3}% 17
\BOOKMARK [1][]{section.1.4}{Web based graphic generation using LaTeX}{chapter.1}% 18
\BOOKMARK [1][]{section.1.5}{Objectives}{chapter.1}% 19
\BOOKMARK [0][]{chapter.2}{Literature Review}{}% 20
\BOOKMARK [1][]{section.2.1}{Overview}{chapter.2}% 21
\BOOKMARK [1][]{section.2.2}{Problems}{chapter.2}% 22
\BOOKMARK [1][]{section.2.3}{Solution Description}{chapter.2}% 23
\BOOKMARK [1][]{section.2.4}{Key Features}{chapter.2}% 24
\BOOKMARK [1][]{section.2.5}{Benefits}{chapter.2}% 25
\BOOKMARK [0][]{chapter.3}{Work Carried Out}{}% 26
\BOOKMARK [1][]{section.3.1}{Problem Formulation}{chapter.3}% 27
\BOOKMARK [1][]{section.3.2}{Feasibility Study}{chapter.3}% 28
\BOOKMARK [2][]{subsection.3.2.1}{Operational Feasibility}{section.3.2}% 29
\BOOKMARK [2][]{subsection.3.2.2}{Technical Feasibility}{section.3.2}% 30
\BOOKMARK [2][]{subsection.3.2.3}{Economic Feasibility}{section.3.2}% 31
\BOOKMARK [1][]{section.3.3}{Facilities required for proposed work}{chapter.3}% 32
\BOOKMARK [2][]{subsection.3.3.1}{Hardware Requirements}{section.3.3}% 33
\BOOKMARK [2][]{subsection.3.3.2}{Software Requirements}{section.3.3}% 34
\BOOKMARK [1][]{section.3.4}{Methodology}{chapter.3}% 35
\BOOKMARK [1][]{section.3.5}{Project Work}{chapter.3}% 36
\BOOKMARK [1][]{section.3.6}{Screenshots}{chapter.3}% 37
\BOOKMARK [0][]{chapter.4}{Experimental Results}{}% 38
\BOOKMARK [0][]{chapter.5}{Conclusion and Future Scope}{}% 39
\BOOKMARK [1][]{section.5.1}{Conclusion}{chapter.5}% 40
\BOOKMARK [1][]{section.5.2}{Summary}{chapter.5}% 41
\BOOKMARK [1][]{section.5.3}{Future Scope}{chapter.5}% 42
